<?xml version="1.0" encoding="UTF-8"?>
<!-- Generated by org.testng.reporters.JUnitReportReporter -->
<testsuite skipped="0" hostname="NB-13-Rohit" name="Infomil.Quarantine" tests="1" failures="0" timestamp="25 May 2020 12:20:41 GMT" time="1807.605" errors="0">
  <testcase name="quarantine" time="1807.605" classname="Infomil.Quarantine"/>
</testsuite> <!-- Infomil.Quarantine -->
