<?xml version="1.0" encoding="UTF-8"?>
<!-- Generated by org.testng.reporters.JUnitReportReporter -->
<testsuite skipped="0" hostname="NB-13-Rohit" name="Infomil.DatabaseConnectivity" tests="1" failures="0" timestamp="20 May 2020 08:20:47 GMT" time="8.573" errors="0">
  <testcase name="dbConnection" time="8.573" classname="Infomil.DatabaseConnectivity"/>
</testsuite> <!-- Infomil.DatabaseConnectivity -->
