<?xml version="1.0" encoding="UTF-8"?>
<!-- Generated by org.testng.reporters.JUnitReportReporter -->
<testsuite skipped="0" hostname="NB-13-Rohit" name="Infomil.E2E" tests="1" failures="0" timestamp="19 May 2020 13:03:52 GMT" time="16.290" errors="0">
  <testcase name="homepageNavigation" time="16.290" classname="Infomil.E2E"/>
</testsuite> <!-- Infomil.E2E -->
