<?xml version="1.0" encoding="UTF-8"?>
<!-- Generated by org.testng.reporters.JUnitReportReporter -->
<testsuite skipped="0" hostname="NB-13-Rohit" name="Infomil.Wirelesssync" tests="1" failures="0" timestamp="01 Jun 2020 12:22:32 GMT" time="16.496" errors="0">
  <testcase name="wireless" time="16.496" classname="Infomil.Wirelesssync"/>
</testsuite> <!-- Infomil.Wirelesssync -->
