<?xml version="1.0" encoding="UTF-8"?>
<!-- Generated by org.testng.reporters.JUnitReportReporter -->
<testsuite skipped="0" hostname="NB-13-Rohit" name="Infomil.Login" tests="1" failures="0" timestamp="21 May 2020 14:36:10 GMT" time="14.147" errors="0">
  <testcase name="login" time="14.147" classname="Infomil.Login"/>
</testsuite> <!-- Infomil.Login -->
