<?xml version="1.0" encoding="UTF-8"?>
<!-- Generated by org.testng.reporters.JUnitReportReporter -->
<testsuite skipped="0" hostname="NB-13-Rohit" name="Infomil.loginpage" tests="1" failures="0" timestamp="19 May 2020 10:37:00 GMT" time="58.941" errors="0">
  <testcase name="homepageNavigation" time="58.941" classname="Infomil.loginpage"/>
</testsuite> <!-- Infomil.loginpage -->
