<?xml version="1.0" encoding="UTF-8"?>
<!-- Generated by org.testng.reporters.JUnitReportReporter -->
<testsuite skipped="0" hostname="NB-13-Rohit" name="Infomil.asgUpgrade" tests="1" failures="0" timestamp="20 May 2020 08:27:00 GMT" time="0.431" errors="0">
  <testcase name="asgupgrade" time="0.431" classname="Infomil.asgUpgrade"/>
</testsuite> <!-- Infomil.asgUpgrade -->
